[2025-12-02T21:26:40.997Z] ℹ️ INFO: GET /health
[2025-12-02T21:26:41.026Z] ℹ️ INFO: GET /api/stats
[2025-12-02T21:26:41.027Z] ℹ️ INFO: Stats retrieved
[2025-12-02T21:26:53.456Z] ℹ️ INFO: GET /api/disputes
[2025-12-02T21:26:53.457Z] ℹ️ INFO: Retrieved 0 disputes
[2025-12-02T21:26:53.471Z] ℹ️ INFO: GET /api/users/0x1234567890123456789012345678901234567890/reputation
[2025-12-02T21:26:53.478Z] ℹ️ INFO: User reputation retrieved: 0x1234567890123456789012345678901234567890
[2025-12-02T21:26:53.517Z] ℹ️ INFO: POST /api/auth/verify
[2025-12-02T21:26:53.544Z] ℹ️ INFO: GET /api/stats
[2025-12-02T21:26:53.545Z] ℹ️ INFO: Stats retrieved
[2025-12-02T21:27:08.689Z] ℹ️ INFO: GET /health
[2025-12-02T21:27:08.715Z] ℹ️ INFO: GET /api/stats
[2025-12-02T21:27:08.715Z] ℹ️ INFO: Stats retrieved
[2025-12-02T21:27:08.728Z] ℹ️ INFO: GET /api/disputes
[2025-12-02T21:27:08.729Z] ℹ️ INFO: Retrieved 0 disputes
[2025-12-02T21:27:08.742Z] ℹ️ INFO: GET /api/users/0x1234567890123456789012345678901234567890/reputation
[2025-12-02T21:27:08.760Z] ℹ️ INFO: User reputation retrieved: 0x1234567890123456789012345678901234567890
[2025-12-02T21:36:44.574Z] ℹ️ INFO: GET /health
[2025-12-02T21:36:59.313Z] ℹ️ INFO: GET /health
[2025-12-02T21:36:59.340Z] ℹ️ INFO: GET /api/storage/stats
[2025-12-02T21:36:59.344Z] ℹ️ INFO: 📥 Retrieving file: stats
[2025-12-02T21:38:05.552Z] ℹ️ INFO: GET /api/storage/stats
[2025-12-02T21:38:05.953Z] ℹ️ INFO: GET /api/storage/list
[2025-12-02T21:38:06.004Z] ℹ️ INFO: 📁 Listed 0 stored files
[2025-12-02T21:38:19.264Z] ℹ️ INFO: GET /api/storage/stats
[2025-12-02T21:38:19.618Z] ℹ️ INFO: GET /api/storage/list
[2025-12-02T21:38:19.667Z] ℹ️ INFO: 📁 Listed 0 stored files
[2025-12-02T22:26:15.127Z] ℹ️ INFO: 🚀 Backend server running on http://localhost:3000
[2025-12-02T22:26:15.127Z] ℹ️ INFO: 📊 Health check: http://localhost:3000/health
[2025-12-02T22:26:15.127Z] ℹ️ INFO: 🗄️  Storage API: http://localhost:3000/api/storage
[2025-12-02T22:26:15.128Z] ℹ️ INFO: 💬 WebSocket: ws://localhost:3000
[2025-12-02T22:26:31.138Z] ℹ️ INFO: GET /health
[2025-12-03T02:25:10.821Z] ℹ️ INFO: 🚀 Backend server running on http://localhost:3000
[2025-12-03T02:25:10.821Z] ℹ️ INFO: 📊 Health check: http://localhost:3000/health
[2025-12-03T02:25:10.821Z] ℹ️ INFO: 🗄️  Storage API: http://localhost:3000/api/storage
[2025-12-03T02:25:10.821Z] ℹ️ INFO: 💬 WebSocket: ws://localhost:3000
[2025-12-03T02:26:05.704Z] ℹ️ INFO: 🚀 Backend server running on http://localhost:3000
[2025-12-03T02:26:05.704Z] ℹ️ INFO: 📊 Health check: http://localhost:3000/health
[2025-12-03T02:26:05.704Z] ℹ️ INFO: 🗄️  Storage API: http://localhost:3000/api/storage
[2025-12-03T02:26:05.704Z] ℹ️ INFO: 💬 WebSocket: ws://localhost:3000
[2025-12-03T02:28:45.275Z] ℹ️ INFO: 🚀 Backend server running on http://localhost:3000
[2025-12-03T02:28:45.275Z] ℹ️ INFO: 📊 Health check: http://localhost:3000/health
[2025-12-03T02:28:45.276Z] ℹ️ INFO: 🗄️  Storage API: http://localhost:3000/api/storage
[2025-12-03T02:28:45.276Z] ℹ️ INFO: 💬 WebSocket: ws://localhost:3000
[2025-12-03T02:29:27.751Z] ℹ️ INFO: GET /health
[2025-12-03T02:30:24.531Z] ℹ️ INFO: POST /api/auth/send-email
[2025-12-03T02:31:04.086Z] ℹ️ INFO: POST /api/auth/verify-email
[2025-12-03T02:31:30.071Z] ℹ️ INFO: GET /api/auth/message
[2025-12-03T02:32:15.786Z] ℹ️ INFO: POST /api/auth/login
[2025-12-03T02:32:46.219Z] ℹ️ INFO: GET /api/auth/message
[2025-12-03T02:32:56.834Z] ℹ️ INFO: POST /api/auth/login
[2025-12-03T02:33:46.404Z] ℹ️ INFO: GET /api/stats
[2025-12-03T02:33:46.404Z] ℹ️ INFO: Stats retrieved
[2025-12-03T02:34:02.656Z] ℹ️ INFO: GET /api/disputes
[2025-12-03T02:34:02.657Z] ℹ️ INFO: Retrieved 0 disputes
[2025-12-03T02:34:13.030Z] ℹ️ INFO: GET /api/storage/stats
[2025-12-03T02:35:54.539Z] ℹ️ INFO: GET /api/auth/message
[2025-12-03T02:36:05.613Z] ℹ️ INFO: POST /api/auth/login
[2025-12-03T02:45:37.982Z] ℹ️ INFO: GET /api/health
[2025-12-03T02:45:48.617Z] ℹ️ INFO: GET /api/health
[2025-12-03T02:46:05.587Z] ℹ️ INFO: GET /health
[2025-12-03T02:47:24.021Z] ℹ️ INFO: 🚀 Backend server running on http://localhost:3000
[2025-12-03T02:47:24.022Z] ℹ️ INFO: 📊 Health check: http://localhost:3000/health
[2025-12-03T02:47:24.022Z] ℹ️ INFO: 🗄️  Storage API: http://localhost:3000/api/storage
[2025-12-03T02:47:24.022Z] ℹ️ INFO: 💬 WebSocket: ws://localhost:3000
[2025-12-03T02:47:36.270Z] ℹ️ INFO: GET /health
[2025-12-03T02:47:54.233Z] ℹ️ INFO: POST /api/auth/email/send-otp
[2025-12-03T02:48:51.354Z] ℹ️ INFO: GET /api/disputes
[2025-12-03T02:48:51.366Z] ℹ️ INFO: Retrieved 0 disputes
[2025-12-03T02:49:02.061Z] ℹ️ INFO: POST /api/auth/email/send-otp
[2025-12-03T02:50:23.581Z] ℹ️ INFO: 🚀 Backend server running on http://localhost:3000
[2025-12-03T02:50:23.581Z] ℹ️ INFO: 📊 Health check: http://localhost:3000/health
[2025-12-03T02:50:23.581Z] ℹ️ INFO: 🗄️  Storage API: http://localhost:3000/api/storage
[2025-12-03T02:50:23.581Z] ℹ️ INFO: 💬 WebSocket: ws://localhost:3000
[2025-12-03T02:50:31.801Z] ℹ️ INFO: POST /api/auth/email/send-otp
[2025-12-03T02:50:42.877Z] ℹ️ INFO: POST /api/auth/email/verify-otp
[2025-12-03T02:50:54.412Z] ℹ️ INFO: GET /api/projects
[2025-12-03T04:03:51.140Z] ℹ️ INFO: GET /health
[2025-12-03T04:05:08.783Z] ℹ️ INFO: 🚀 Backend server running on http://localhost:3000
[2025-12-03T04:05:08.784Z] ℹ️ INFO: 📊 Health check: http://localhost:3000/health
[2025-12-03T04:05:08.784Z] ℹ️ INFO: 🗄️  Storage API: http://localhost:3000/api/storage
[2025-12-03T04:05:08.784Z] ℹ️ INFO: 💬 WebSocket: ws://localhost:3000
[2025-12-03T04:05:16.848Z] ℹ️ INFO: GET /health
[2025-12-03T04:07:38.448Z] ℹ️ INFO: GET /health
[2025-12-03T04:09:56.336Z] ℹ️ INFO: GET /health
[2025-12-03T04:09:56.350Z] ℹ️ INFO: GET /health
[2025-12-03T04:09:56.420Z] ℹ️ INFO: POST /api/auth/email/send-otp
[2025-12-03T04:09:56.457Z] ℹ️ INFO: GET /api/projects
[2025-12-03T04:09:56.479Z] ℹ️ INFO: GET /api/projects
[2025-12-03T04:10:32.665Z] ℹ️ INFO: GET /health
[2025-12-03T04:10:32.690Z] ℹ️ INFO: GET /health
[2025-12-03T04:10:32.721Z] ℹ️ INFO: POST /api/auth/email/send-otp
[2025-12-03T04:10:32.741Z] ℹ️ INFO: GET /api/projects
[2025-12-03T04:10:32.760Z] ℹ️ INFO: GET /api/projects
[2025-12-03T06:45:49.307Z] ℹ️ INFO: GET /api/stats
[2025-12-03T06:45:49.308Z] ℹ️ INFO: Stats retrieved
[2025-12-03T06:45:49.314Z] ℹ️ INFO: GET /api/stats
[2025-12-03T06:45:49.314Z] ℹ️ INFO: Stats retrieved
[2025-12-03T06:45:51.103Z] ℹ️ INFO: GET /api/stats
[2025-12-03T06:45:51.104Z] ℹ️ INFO: Stats retrieved
[2025-12-03T06:45:51.112Z] ℹ️ INFO: GET /api/stats
[2025-12-03T06:45:51.113Z] ℹ️ INFO: Stats retrieved
[2025-12-03T06:45:51.164Z] ℹ️ INFO: GET /api/users/0x60B1CdbcC9165F5cE068A1Ce8ad7fB384d3aa3Da/reputation
[2025-12-03T06:45:51.169Z] ℹ️ INFO: GET /api/users/0x60B1CdbcC9165F5cE068A1Ce8ad7fB384d3aa3Da/reputation
[2025-12-03T06:45:54.308Z] ℹ️ INFO: GET /api/stats
[2025-12-03T06:45:54.308Z] ℹ️ INFO: Stats retrieved
[2025-12-03T06:45:56.104Z] ℹ️ INFO: GET /api/stats
[2025-12-03T06:45:56.104Z] ℹ️ INFO: Stats retrieved
[2025-12-03T06:45:59.307Z] ℹ️ INFO: GET /api/stats
[2025-12-03T06:45:59.308Z] ℹ️ INFO: Stats retrieved
[2025-12-03T06:46:01.104Z] ℹ️ INFO: GET /api/stats
[2025-12-03T06:46:01.105Z] ℹ️ INFO: Stats retrieved
[2025-12-03T06:46:04.309Z] ℹ️ INFO: GET /api/stats
[2025-12-03T06:46:04.309Z] ℹ️ INFO: Stats retrieved
[2025-12-03T06:46:06.103Z] ℹ️ INFO: GET /api/stats
[2025-12-03T06:46:06.104Z] ℹ️ INFO: Stats retrieved
[2025-12-03T06:46:09.307Z] ℹ️ INFO: GET /api/stats
[2025-12-03T06:46:09.308Z] ℹ️ INFO: Stats retrieved
[2025-12-03T06:46:11.103Z] ℹ️ INFO: GET /api/stats
[2025-12-03T06:46:11.104Z] ℹ️ INFO: Stats retrieved
[2025-12-03T06:46:14.307Z] ℹ️ INFO: GET /api/stats
[2025-12-03T06:46:14.308Z] ℹ️ INFO: Stats retrieved
[2025-12-03T06:46:16.501Z] ℹ️ INFO: GET /api/stats
[2025-12-03T06:46:16.502Z] ℹ️ INFO: Stats retrieved
[2025-12-03T06:46:19.307Z] ℹ️ INFO: GET /api/stats
[2025-12-03T06:46:19.307Z] ℹ️ INFO: Stats retrieved
[2025-12-03T06:46:21.502Z] ℹ️ INFO: GET /api/stats
[2025-12-03T06:46:21.503Z] ℹ️ INFO: Stats retrieved
[2025-12-03T06:46:24.308Z] ℹ️ INFO: GET /api/stats
[2025-12-03T06:46:24.309Z] ℹ️ INFO: Stats retrieved
[2025-12-03T06:46:26.502Z] ℹ️ INFO: GET /api/stats
[2025-12-03T06:46:26.502Z] ℹ️ INFO: Stats retrieved
[2025-12-03T06:46:29.308Z] ℹ️ INFO: GET /api/stats
[2025-12-03T06:46:29.309Z] ℹ️ INFO: Stats retrieved
[2025-12-03T06:46:31.502Z] ℹ️ INFO: GET /api/stats
[2025-12-03T06:46:31.503Z] ℹ️ INFO: Stats retrieved
[2025-12-03T06:46:34.308Z] ℹ️ INFO: GET /api/stats
[2025-12-03T06:46:34.309Z] ℹ️ INFO: Stats retrieved
[2025-12-03T06:46:36.503Z] ℹ️ INFO: GET /api/stats
[2025-12-03T06:46:36.504Z] ℹ️ INFO: Stats retrieved
[2025-12-03T06:46:39.308Z] ℹ️ INFO: GET /api/stats
[2025-12-03T06:46:39.309Z] ℹ️ INFO: Stats retrieved
[2025-12-03T06:46:41.503Z] ℹ️ INFO: GET /api/stats
[2025-12-03T06:46:41.504Z] ℹ️ INFO: Stats retrieved
[2025-12-03T06:46:44.308Z] ℹ️ INFO: GET /api/stats
[2025-12-03T06:46:44.309Z] ℹ️ INFO: Stats retrieved
[2025-12-03T06:46:46.503Z] ℹ️ INFO: GET /api/stats
[2025-12-03T06:46:46.503Z] ℹ️ INFO: Stats retrieved
[2025-12-03T06:46:49.308Z] ℹ️ INFO: GET /api/stats
[2025-12-03T06:46:49.308Z] ℹ️ INFO: Stats retrieved
[2025-12-03T06:46:51.502Z] ℹ️ INFO: GET /api/stats
[2025-12-03T06:46:51.502Z] ℹ️ INFO: Stats retrieved
[2025-12-03T06:46:54.308Z] ℹ️ INFO: GET /api/stats
[2025-12-03T06:46:54.308Z] ℹ️ INFO: Stats retrieved
[2025-12-03T06:46:56.502Z] ℹ️ INFO: GET /api/stats
[2025-12-03T06:46:56.502Z] ℹ️ INFO: Stats retrieved
[2025-12-03T06:46:59.308Z] ℹ️ INFO: GET /api/stats
[2025-12-03T06:46:59.309Z] ℹ️ INFO: Stats retrieved
[2025-12-03T06:47:01.502Z] ℹ️ INFO: GET /api/stats
[2025-12-03T06:47:01.502Z] ℹ️ INFO: Stats retrieved
[2025-12-03T06:47:04.308Z] ℹ️ INFO: GET /api/stats
[2025-12-03T06:47:04.309Z] ℹ️ INFO: Stats retrieved
[2025-12-03T06:47:06.502Z] ℹ️ INFO: GET /api/stats
[2025-12-03T06:47:06.503Z] ℹ️ INFO: Stats retrieved
[2025-12-03T06:47:09.306Z] ℹ️ INFO: GET /api/stats
[2025-12-03T06:47:09.307Z] ℹ️ INFO: Stats retrieved
[2025-12-03T06:47:11.516Z] ℹ️ INFO: GET /api/stats
[2025-12-03T06:47:11.517Z] ℹ️ INFO: Stats retrieved
[2025-12-03T06:47:14.308Z] ℹ️ INFO: GET /api/stats
[2025-12-03T06:47:14.309Z] ℹ️ INFO: Stats retrieved
[2025-12-03T06:47:19.307Z] ℹ️ INFO: GET /api/stats
[2025-12-03T06:47:19.308Z] ℹ️ INFO: Stats retrieved
[2025-12-03T06:47:24.308Z] ℹ️ INFO: GET /api/stats
[2025-12-03T06:47:24.309Z] ℹ️ INFO: Stats retrieved
[2025-12-03T06:47:29.308Z] ℹ️ INFO: GET /api/stats
[2025-12-03T06:47:29.308Z] ℹ️ INFO: Stats retrieved
[2025-12-03T06:47:34.308Z] ℹ️ INFO: GET /api/stats
[2025-12-03T06:47:34.309Z] ℹ️ INFO: Stats retrieved
[2025-12-03T06:47:39.307Z] ℹ️ INFO: GET /api/stats
[2025-12-03T06:47:39.308Z] ℹ️ INFO: Stats retrieved
[2025-12-03T06:47:40.506Z] ℹ️ INFO: GET /api/stats
[2025-12-03T06:47:40.506Z] ℹ️ INFO: Stats retrieved
[2025-12-03T06:47:44.308Z] ℹ️ INFO: GET /api/stats
[2025-12-03T06:47:44.309Z] ℹ️ INFO: Stats retrieved
[2025-12-03T06:47:49.308Z] ℹ️ INFO: GET /api/stats
[2025-12-03T06:47:49.346Z] ℹ️ INFO: Stats retrieved
[2025-12-03T06:47:54.307Z] ℹ️ INFO: GET /api/stats
[2025-12-03T06:47:54.308Z] ℹ️ INFO: Stats retrieved
[2025-12-03T06:47:59.306Z] ℹ️ INFO: GET /api/stats
[2025-12-03T06:47:59.307Z] ℹ️ INFO: Stats retrieved
[2025-12-03T06:48:04.308Z] ℹ️ INFO: GET /api/stats
[2025-12-03T06:48:04.319Z] ℹ️ INFO: Stats retrieved
[2025-12-03T06:48:09.308Z] ℹ️ INFO: GET /api/stats
[2025-12-03T06:48:09.308Z] ℹ️ INFO: Stats retrieved
[2025-12-03T06:48:14.308Z] ℹ️ INFO: GET /api/stats
[2025-12-03T06:48:14.309Z] ℹ️ INFO: Stats retrieved
[2025-12-03T06:48:19.307Z] ℹ️ INFO: GET /api/stats
[2025-12-03T06:48:19.308Z] ℹ️ INFO: Stats retrieved
[2025-12-03T06:48:24.306Z] ℹ️ INFO: GET /api/stats
[2025-12-03T06:48:24.307Z] ℹ️ INFO: Stats retrieved
[2025-12-03T06:48:29.308Z] ℹ️ INFO: GET /api/stats
[2025-12-03T06:48:29.318Z] ℹ️ INFO: Stats retrieved
[2025-12-03T06:48:34.306Z] ℹ️ INFO: GET /api/stats
[2025-12-03T06:48:34.307Z] ℹ️ INFO: Stats retrieved
[2025-12-03T06:48:39.307Z] ℹ️ INFO: GET /api/stats
[2025-12-03T06:48:39.307Z] ℹ️ INFO: Stats retrieved
[2025-12-03T06:48:40.503Z] ℹ️ INFO: GET /api/stats
[2025-12-03T06:48:40.504Z] ℹ️ INFO: Stats retrieved
[2025-12-03T06:48:44.308Z] ℹ️ INFO: GET /api/stats
[2025-12-03T06:48:44.309Z] ℹ️ INFO: Stats retrieved
[2025-12-03T06:48:49.308Z] ℹ️ INFO: GET /api/stats
[2025-12-03T06:48:49.309Z] ℹ️ INFO: Stats retrieved
[2025-12-03T06:48:54.308Z] ℹ️ INFO: GET /api/stats
[2025-12-03T06:48:54.309Z] ℹ️ INFO: Stats retrieved
[2025-12-03T06:48:59.308Z] ℹ️ INFO: GET /api/stats
[2025-12-03T06:48:59.309Z] ℹ️ INFO: Stats retrieved
[2025-12-03T06:49:04.308Z] ℹ️ INFO: GET /api/stats
[2025-12-03T06:49:04.318Z] ℹ️ INFO: Stats retrieved
[2025-12-03T06:49:09.308Z] ℹ️ INFO: GET /api/stats
[2025-12-03T06:49:09.309Z] ℹ️ INFO: Stats retrieved
[2025-12-03T06:49:14.308Z] ℹ️ INFO: GET /api/stats
[2025-12-03T06:49:14.309Z] ℹ️ INFO: Stats retrieved
[2025-12-03T06:49:19.307Z] ℹ️ INFO: GET /api/stats
[2025-12-03T06:49:19.308Z] ℹ️ INFO: Stats retrieved
[2025-12-03T06:49:24.308Z] ℹ️ INFO: GET /api/stats
[2025-12-03T06:49:24.309Z] ℹ️ INFO: Stats retrieved
[2025-12-03T06:49:29.307Z] ℹ️ INFO: GET /api/stats
[2025-12-03T06:49:29.308Z] ℹ️ INFO: Stats retrieved
[2025-12-03T06:49:34.308Z] ℹ️ INFO: GET /api/stats
[2025-12-03T06:49:34.308Z] ℹ️ INFO: Stats retrieved
[2025-12-03T06:49:39.308Z] ℹ️ INFO: GET /api/stats
[2025-12-03T06:49:39.309Z] ℹ️ INFO: Stats retrieved
[2025-12-03T06:49:40.504Z] ℹ️ INFO: GET /api/stats
[2025-12-03T06:49:40.505Z] ℹ️ INFO: Stats retrieved
[2025-12-03T06:49:44.307Z] ℹ️ INFO: GET /api/stats
[2025-12-03T06:49:44.308Z] ℹ️ INFO: Stats retrieved
[2025-12-03T06:49:49.307Z] ℹ️ INFO: GET /api/stats
[2025-12-03T06:49:49.307Z] ℹ️ INFO: Stats retrieved
[2025-12-03T06:49:54.307Z] ℹ️ INFO: GET /api/stats
[2025-12-03T06:49:54.308Z] ℹ️ INFO: Stats retrieved
[2025-12-03T06:49:59.308Z] ℹ️ INFO: GET /api/stats
[2025-12-03T06:49:59.308Z] ℹ️ INFO: Stats retrieved
[2025-12-03T06:50:04.308Z] ℹ️ INFO: GET /api/stats
[2025-12-03T06:50:04.308Z] ℹ️ INFO: Stats retrieved
[2025-12-03T06:50:09.307Z] ℹ️ INFO: GET /api/stats
[2025-12-03T06:50:09.307Z] ℹ️ INFO: Stats retrieved
[2025-12-03T06:50:14.308Z] ℹ️ INFO: GET /api/stats
[2025-12-03T06:50:14.309Z] ℹ️ INFO: Stats retrieved
[2025-12-03T06:50:19.307Z] ℹ️ INFO: GET /api/stats
[2025-12-03T06:50:19.308Z] ℹ️ INFO: Stats retrieved
[2025-12-03T06:50:24.307Z] ℹ️ INFO: GET /api/stats
[2025-12-03T06:50:24.308Z] ℹ️ INFO: Stats retrieved
[2025-12-03T06:50:29.308Z] ℹ️ INFO: GET /api/stats
[2025-12-03T06:50:29.309Z] ℹ️ INFO: Stats retrieved
[2025-12-03T06:50:34.308Z] ℹ️ INFO: GET /api/stats
[2025-12-03T06:50:34.309Z] ℹ️ INFO: Stats retrieved
[2025-12-03T06:50:39.308Z] ℹ️ INFO: GET /api/stats
[2025-12-03T06:50:39.308Z] ℹ️ INFO: Stats retrieved
[2025-12-03T06:50:40.509Z] ℹ️ INFO: GET /api/stats
[2025-12-03T06:50:40.509Z] ℹ️ INFO: Stats retrieved
[2025-12-03T06:50:44.308Z] ℹ️ INFO: GET /api/stats
[2025-12-03T06:50:44.309Z] ℹ️ INFO: Stats retrieved
[2025-12-03T06:50:49.309Z] ℹ️ INFO: GET /api/stats
[2025-12-03T06:50:49.310Z] ℹ️ INFO: Stats retrieved
[2025-12-03T06:50:54.307Z] ℹ️ INFO: GET /api/stats
[2025-12-03T06:50:54.308Z] ℹ️ INFO: Stats retrieved
[2025-12-03T06:50:59.308Z] ℹ️ INFO: GET /api/stats
[2025-12-03T06:50:59.318Z] ℹ️ INFO: Stats retrieved
[2025-12-03T06:51:04.308Z] ℹ️ INFO: GET /api/stats
[2025-12-03T06:51:04.309Z] ℹ️ INFO: Stats retrieved
[2025-12-03T06:51:09.307Z] ℹ️ INFO: GET /api/stats
[2025-12-03T06:51:09.308Z] ℹ️ INFO: Stats retrieved
[2025-12-03T06:51:14.308Z] ℹ️ INFO: GET /api/stats
[2025-12-03T06:51:14.309Z] ℹ️ INFO: Stats retrieved
[2025-12-03T06:51:19.308Z] ℹ️ INFO: GET /api/stats
[2025-12-03T06:51:19.308Z] ℹ️ INFO: Stats retrieved
[2025-12-03T06:51:24.308Z] ℹ️ INFO: GET /api/stats
[2025-12-03T06:51:24.308Z] ℹ️ INFO: Stats retrieved
[2025-12-03T06:51:29.308Z] ℹ️ INFO: GET /api/stats
[2025-12-03T06:51:29.308Z] ℹ️ INFO: Stats retrieved
[2025-12-03T06:51:34.308Z] ℹ️ INFO: GET /api/stats
[2025-12-03T06:51:34.308Z] ℹ️ INFO: Stats retrieved
[2025-12-03T06:51:39.308Z] ℹ️ INFO: GET /api/stats
[2025-12-03T06:51:39.309Z] ℹ️ INFO: Stats retrieved
[2025-12-03T06:51:40.505Z] ℹ️ INFO: GET /api/stats
[2025-12-03T06:51:40.506Z] ℹ️ INFO: Stats retrieved
[2025-12-03T06:51:44.306Z] ℹ️ INFO: GET /api/stats
[2025-12-03T06:51:44.307Z] ℹ️ INFO: Stats retrieved
[2025-12-03T06:51:49.307Z] ℹ️ INFO: GET /api/stats
[2025-12-03T06:51:49.308Z] ℹ️ INFO: Stats retrieved
[2025-12-03T06:51:54.307Z] ℹ️ INFO: GET /api/stats
[2025-12-03T06:51:54.308Z] ℹ️ INFO: Stats retrieved
[2025-12-03T06:51:59.306Z] ℹ️ INFO: GET /api/stats
[2025-12-03T06:51:59.317Z] ℹ️ INFO: Stats retrieved
[2025-12-03T06:52:04.308Z] ℹ️ INFO: GET /api/stats
[2025-12-03T06:52:04.309Z] ℹ️ INFO: Stats retrieved
[2025-12-03T06:52:09.308Z] ℹ️ INFO: GET /api/stats
[2025-12-03T06:52:09.309Z] ℹ️ INFO: Stats retrieved
[2025-12-03T06:52:14.307Z] ℹ️ INFO: GET /api/stats
[2025-12-03T06:52:14.308Z] ℹ️ INFO: Stats retrieved
[2025-12-03T06:52:19.308Z] ℹ️ INFO: GET /api/stats
[2025-12-03T06:52:19.309Z] ℹ️ INFO: Stats retrieved
[2025-12-03T06:52:24.308Z] ℹ️ INFO: GET /api/stats
[2025-12-03T06:52:24.309Z] ℹ️ INFO: Stats retrieved
[2025-12-03T06:52:29.308Z] ℹ️ INFO: GET /api/stats
[2025-12-03T06:52:29.309Z] ℹ️ INFO: Stats retrieved
[2025-12-03T06:52:34.308Z] ℹ️ INFO: GET /api/stats
[2025-12-03T06:52:34.308Z] ℹ️ INFO: Stats retrieved
[2025-12-03T06:52:39.308Z] ℹ️ INFO: GET /api/stats
[2025-12-03T06:52:39.309Z] ℹ️ INFO: Stats retrieved
[2025-12-03T06:52:40.503Z] ℹ️ INFO: GET /api/stats
[2025-12-03T06:52:40.504Z] ℹ️ INFO: Stats retrieved
[2025-12-03T06:52:44.308Z] ℹ️ INFO: GET /api/stats
[2025-12-03T06:52:44.309Z] ℹ️ INFO: Stats retrieved
[2025-12-03T06:52:49.308Z] ℹ️ INFO: GET /api/stats
[2025-12-03T06:52:49.309Z] ℹ️ INFO: Stats retrieved
[2025-12-03T06:52:54.308Z] ℹ️ INFO: GET /api/stats
[2025-12-03T06:52:54.309Z] ℹ️ INFO: Stats retrieved
[2025-12-03T06:52:59.308Z] ℹ️ INFO: GET /api/stats
[2025-12-03T06:52:59.345Z] ℹ️ INFO: Stats retrieved
[2025-12-03T06:53:04.308Z] ℹ️ INFO: GET /api/stats
[2025-12-03T06:53:04.309Z] ℹ️ INFO: Stats retrieved
[2025-12-03T06:53:09.308Z] ℹ️ INFO: GET /api/stats
[2025-12-03T06:53:09.309Z] ℹ️ INFO: Stats retrieved
[2025-12-03T06:53:14.308Z] ℹ️ INFO: GET /api/stats
[2025-12-03T06:53:14.308Z] ℹ️ INFO: Stats retrieved
[2025-12-03T06:53:19.308Z] ℹ️ INFO: GET /api/stats
[2025-12-03T06:53:19.309Z] ℹ️ INFO: Stats retrieved
[2025-12-03T06:53:24.307Z] ℹ️ INFO: GET /api/stats
[2025-12-03T06:53:24.307Z] ℹ️ INFO: Stats retrieved
[2025-12-03T06:53:29.308Z] ℹ️ INFO: GET /api/stats
[2025-12-03T06:53:29.346Z] ℹ️ INFO: Stats retrieved
[2025-12-03T06:53:34.308Z] ℹ️ INFO: GET /api/stats
[2025-12-03T06:53:34.308Z] ℹ️ INFO: Stats retrieved
[2025-12-03T06:53:39.307Z] ℹ️ INFO: GET /api/stats
[2025-12-03T06:53:39.307Z] ℹ️ INFO: Stats retrieved
[2025-12-03T06:53:40.522Z] ℹ️ INFO: GET /api/stats
[2025-12-03T06:53:40.522Z] ℹ️ INFO: Stats retrieved
[2025-12-03T06:53:44.308Z] ℹ️ INFO: GET /api/stats
[2025-12-03T06:53:44.309Z] ℹ️ INFO: Stats retrieved
[2025-12-03T06:53:49.307Z] ℹ️ INFO: GET /api/stats
[2025-12-03T06:53:49.308Z] ℹ️ INFO: Stats retrieved
[2025-12-03T06:53:54.307Z] ℹ️ INFO: GET /api/stats
[2025-12-03T06:53:54.308Z] ℹ️ INFO: Stats retrieved
[2025-12-03T06:53:59.309Z] ℹ️ INFO: GET /api/stats
[2025-12-03T06:53:59.309Z] ℹ️ INFO: Stats retrieved
[2025-12-03T06:54:04.308Z] ℹ️ INFO: GET /api/stats
[2025-12-03T06:54:04.308Z] ℹ️ INFO: Stats retrieved
[2025-12-03T06:54:09.307Z] ℹ️ INFO: GET /api/stats
[2025-12-03T06:54:09.308Z] ℹ️ INFO: Stats retrieved
[2025-12-03T06:54:14.308Z] ℹ️ INFO: GET /api/stats
[2025-12-03T06:54:14.309Z] ℹ️ INFO: Stats retrieved
[2025-12-03T06:54:19.308Z] ℹ️ INFO: GET /api/stats
[2025-12-03T06:54:19.308Z] ℹ️ INFO: Stats retrieved
[2025-12-03T06:54:24.308Z] ℹ️ INFO: GET /api/stats
[2025-12-03T06:54:24.308Z] ℹ️ INFO: Stats retrieved
[2025-12-03T06:54:29.308Z] ℹ️ INFO: GET /api/stats
[2025-12-03T06:54:29.309Z] ℹ️ INFO: Stats retrieved
[2025-12-03T06:54:34.308Z] ℹ️ INFO: GET /api/stats
[2025-12-03T06:54:34.309Z] ℹ️ INFO: Stats retrieved
[2025-12-03T06:54:39.308Z] ℹ️ INFO: GET /api/stats
[2025-12-03T06:54:39.308Z] ℹ️ INFO: Stats retrieved
[2025-12-03T06:54:40.512Z] ℹ️ INFO: GET /api/stats
[2025-12-03T06:54:40.512Z] ℹ️ INFO: Stats retrieved
[2025-12-03T06:54:44.307Z] ℹ️ INFO: GET /api/stats
[2025-12-03T06:54:44.307Z] ℹ️ INFO: Stats retrieved
[2025-12-03T06:54:49.307Z] ℹ️ INFO: GET /api/stats
[2025-12-03T06:54:49.308Z] ℹ️ INFO: Stats retrieved
[2025-12-03T06:54:54.308Z] ℹ️ INFO: GET /api/stats
[2025-12-03T06:54:54.309Z] ℹ️ INFO: Stats retrieved
[2025-12-03T06:54:59.309Z] ℹ️ INFO: GET /api/stats
[2025-12-03T06:54:59.310Z] ℹ️ INFO: Stats retrieved
[2025-12-03T06:55:04.308Z] ℹ️ INFO: GET /api/stats
[2025-12-03T06:55:04.308Z] ℹ️ INFO: Stats retrieved
[2025-12-03T06:55:09.308Z] ℹ️ INFO: GET /api/stats
[2025-12-03T06:55:09.309Z] ℹ️ INFO: Stats retrieved
[2025-12-03T06:55:14.308Z] ℹ️ INFO: GET /api/stats
[2025-12-03T06:55:14.308Z] ℹ️ INFO: Stats retrieved
[2025-12-03T06:55:19.308Z] ℹ️ INFO: GET /api/stats
[2025-12-03T06:55:19.308Z] ℹ️ INFO: Stats retrieved
[2025-12-03T06:55:24.308Z] ℹ️ INFO: GET /api/stats
[2025-12-03T06:55:24.308Z] ℹ️ INFO: Stats retrieved
[2025-12-03T06:55:29.308Z] ℹ️ INFO: GET /api/stats
[2025-12-03T06:55:29.309Z] ℹ️ INFO: Stats retrieved
[2025-12-03T06:55:34.307Z] ℹ️ INFO: GET /api/stats
[2025-12-03T06:55:34.308Z] ℹ️ INFO: Stats retrieved
[2025-12-03T06:55:39.308Z] ℹ️ INFO: GET /api/stats
[2025-12-03T06:55:39.309Z] ℹ️ INFO: Stats retrieved
[2025-12-03T06:55:40.504Z] ℹ️ INFO: GET /api/stats
[2025-12-03T06:55:40.505Z] ℹ️ INFO: Stats retrieved
[2025-12-03T06:55:44.307Z] ℹ️ INFO: GET /api/stats
[2025-12-03T06:55:44.308Z] ℹ️ INFO: Stats retrieved
[2025-12-03T06:55:49.307Z] ℹ️ INFO: GET /api/stats
[2025-12-03T06:55:49.307Z] ℹ️ INFO: Stats retrieved
[2025-12-03T06:55:54.307Z] ℹ️ INFO: GET /api/stats
[2025-12-03T06:55:54.308Z] ℹ️ INFO: Stats retrieved
[2025-12-03T06:55:59.308Z] ℹ️ INFO: GET /api/stats
[2025-12-03T06:55:59.309Z] ℹ️ INFO: Stats retrieved
[2025-12-03T06:56:04.308Z] ℹ️ INFO: GET /api/stats
[2025-12-03T06:56:04.308Z] ℹ️ INFO: Stats retrieved
[2025-12-03T06:56:09.308Z] ℹ️ INFO: GET /api/stats
[2025-12-03T06:56:09.308Z] ℹ️ INFO: Stats retrieved
[2025-12-03T06:56:14.308Z] ℹ️ INFO: GET /api/stats
[2025-12-03T06:56:14.308Z] ℹ️ INFO: Stats retrieved
[2025-12-03T06:56:19.307Z] ℹ️ INFO: GET /api/stats
[2025-12-03T06:56:19.308Z] ℹ️ INFO: Stats retrieved
[2025-12-03T06:56:24.309Z] ℹ️ INFO: GET /api/stats
[2025-12-03T06:56:24.310Z] ℹ️ INFO: Stats retrieved
[2025-12-03T06:56:29.308Z] ℹ️ INFO: GET /api/stats
[2025-12-03T06:56:29.308Z] ℹ️ INFO: Stats retrieved
[2025-12-03T06:56:34.308Z] ℹ️ INFO: GET /api/stats
[2025-12-03T06:56:34.309Z] ℹ️ INFO: Stats retrieved
[2025-12-03T06:56:39.307Z] ℹ️ INFO: GET /api/stats
[2025-12-03T06:56:39.307Z] ℹ️ INFO: Stats retrieved
[2025-12-03T06:56:40.505Z] ℹ️ INFO: GET /api/stats
[2025-12-03T06:56:40.505Z] ℹ️ INFO: Stats retrieved
[2025-12-03T06:56:44.308Z] ℹ️ INFO: GET /api/stats
[2025-12-03T06:56:44.308Z] ℹ️ INFO: Stats retrieved
[2025-12-03T06:56:49.308Z] ℹ️ INFO: GET /api/stats
[2025-12-03T06:56:49.308Z] ℹ️ INFO: Stats retrieved
[2025-12-03T06:56:54.308Z] ℹ️ INFO: GET /api/stats
[2025-12-03T06:56:54.309Z] ℹ️ INFO: Stats retrieved
[2025-12-03T06:56:59.307Z] ℹ️ INFO: GET /api/stats
[2025-12-03T06:56:59.307Z] ℹ️ INFO: Stats retrieved
[2025-12-03T06:57:04.307Z] ℹ️ INFO: GET /api/stats
[2025-12-03T06:57:04.308Z] ℹ️ INFO: Stats retrieved
[2025-12-03T06:57:09.308Z] ℹ️ INFO: GET /api/stats
[2025-12-03T06:57:09.308Z] ℹ️ INFO: Stats retrieved
[2025-12-03T06:57:14.308Z] ℹ️ INFO: GET /api/stats
[2025-12-03T06:57:14.308Z] ℹ️ INFO: Stats retrieved
[2025-12-03T06:57:19.308Z] ℹ️ INFO: GET /api/stats
[2025-12-03T06:57:19.308Z] ℹ️ INFO: Stats retrieved
[2025-12-03T06:57:24.306Z] ℹ️ INFO: GET /api/stats
[2025-12-03T06:57:24.307Z] ℹ️ INFO: Stats retrieved
[2025-12-03T06:57:29.308Z] ℹ️ INFO: GET /api/stats
[2025-12-03T06:57:29.308Z] ℹ️ INFO: Stats retrieved
[2025-12-03T06:57:34.307Z] ℹ️ INFO: GET /api/stats
[2025-12-03T06:57:34.308Z] ℹ️ INFO: Stats retrieved
[2025-12-03T06:57:39.307Z] ℹ️ INFO: GET /api/stats
[2025-12-03T06:57:39.307Z] ℹ️ INFO: Stats retrieved
[2025-12-03T06:57:40.503Z] ℹ️ INFO: GET /api/stats
[2025-12-03T06:57:40.503Z] ℹ️ INFO: Stats retrieved
[2025-12-03T06:57:44.307Z] ℹ️ INFO: GET /api/stats
[2025-12-03T06:57:44.308Z] ℹ️ INFO: Stats retrieved
[2025-12-03T06:57:49.307Z] ℹ️ INFO: GET /api/stats
[2025-12-03T06:57:49.308Z] ℹ️ INFO: Stats retrieved
[2025-12-03T06:57:54.308Z] ℹ️ INFO: GET /api/stats
[2025-12-03T06:57:54.308Z] ℹ️ INFO: Stats retrieved
[2025-12-03T06:57:59.307Z] ℹ️ INFO: GET /api/stats
[2025-12-03T06:57:59.308Z] ℹ️ INFO: Stats retrieved
[2025-12-03T06:58:04.307Z] ℹ️ INFO: GET /api/stats
[2025-12-03T06:58:04.308Z] ℹ️ INFO: Stats retrieved
[2025-12-03T06:58:09.307Z] ℹ️ INFO: GET /api/stats
[2025-12-03T06:58:09.308Z] ℹ️ INFO: Stats retrieved
[2025-12-03T06:58:14.308Z] ℹ️ INFO: GET /api/stats
[2025-12-03T06:58:14.308Z] ℹ️ INFO: Stats retrieved
[2025-12-03T06:58:19.308Z] ℹ️ INFO: GET /api/stats
[2025-12-03T06:58:19.308Z] ℹ️ INFO: Stats retrieved
[2025-12-03T06:58:24.308Z] ℹ️ INFO: GET /api/stats
[2025-12-03T06:58:24.308Z] ℹ️ INFO: Stats retrieved
[2025-12-03T06:58:29.307Z] ℹ️ INFO: GET /api/stats
[2025-12-03T06:58:29.308Z] ℹ️ INFO: Stats retrieved
[2025-12-03T06:58:34.307Z] ℹ️ INFO: GET /api/stats
[2025-12-03T06:58:34.308Z] ℹ️ INFO: Stats retrieved
[2025-12-03T06:58:39.307Z] ℹ️ INFO: GET /api/stats
[2025-12-03T06:58:39.317Z] ℹ️ INFO: Stats retrieved
[2025-12-03T06:58:40.506Z] ℹ️ INFO: GET /api/stats
[2025-12-03T06:58:40.506Z] ℹ️ INFO: Stats retrieved
[2025-12-03T06:58:44.308Z] ℹ️ INFO: GET /api/stats
[2025-12-03T06:58:44.309Z] ℹ️ INFO: Stats retrieved
[2025-12-03T06:58:49.308Z] ℹ️ INFO: GET /api/stats
[2025-12-03T06:58:49.346Z] ℹ️ INFO: Stats retrieved
[2025-12-03T06:58:54.307Z] ℹ️ INFO: GET /api/stats
[2025-12-03T06:58:54.308Z] ℹ️ INFO: Stats retrieved
[2025-12-03T06:58:59.307Z] ℹ️ INFO: GET /api/stats
[2025-12-03T06:58:59.308Z] ℹ️ INFO: Stats retrieved
[2025-12-03T06:59:04.307Z] ℹ️ INFO: GET /api/stats
[2025-12-03T06:59:04.308Z] ℹ️ INFO: Stats retrieved
[2025-12-03T06:59:09.308Z] ℹ️ INFO: GET /api/stats
[2025-12-03T06:59:09.308Z] ℹ️ INFO: Stats retrieved
[2025-12-03T06:59:14.308Z] ℹ️ INFO: GET /api/stats
[2025-12-03T06:59:14.308Z] ℹ️ INFO: Stats retrieved
[2025-12-03T06:59:19.307Z] ℹ️ INFO: GET /api/stats
[2025-12-03T06:59:19.308Z] ℹ️ INFO: Stats retrieved
[2025-12-03T06:59:24.307Z] ℹ️ INFO: GET /api/stats
[2025-12-03T06:59:24.307Z] ℹ️ INFO: Stats retrieved
[2025-12-03T06:59:29.307Z] ℹ️ INFO: GET /api/stats
[2025-12-03T06:59:29.308Z] ℹ️ INFO: Stats retrieved
[2025-12-03T06:59:34.308Z] ℹ️ INFO: GET /api/stats
[2025-12-03T06:59:34.308Z] ℹ️ INFO: Stats retrieved
[2025-12-03T06:59:39.307Z] ℹ️ INFO: GET /api/stats
[2025-12-03T06:59:39.307Z] ℹ️ INFO: Stats retrieved
[2025-12-03T06:59:40.503Z] ℹ️ INFO: GET /api/stats
[2025-12-03T06:59:40.503Z] ℹ️ INFO: Stats retrieved
[2025-12-03T06:59:44.307Z] ℹ️ INFO: GET /api/stats
[2025-12-03T06:59:44.308Z] ℹ️ INFO: Stats retrieved
[2025-12-03T06:59:49.307Z] ℹ️ INFO: GET /api/stats
[2025-12-03T06:59:49.308Z] ℹ️ INFO: Stats retrieved
[2025-12-03T06:59:54.307Z] ℹ️ INFO: GET /api/stats
[2025-12-03T06:59:54.308Z] ℹ️ INFO: Stats retrieved
[2025-12-03T06:59:59.308Z] ℹ️ INFO: GET /api/stats
[2025-12-03T06:59:59.308Z] ℹ️ INFO: Stats retrieved
[2025-12-03T07:00:04.307Z] ℹ️ INFO: GET /api/stats
[2025-12-03T07:00:04.308Z] ℹ️ INFO: Stats retrieved
[2025-12-03T07:00:09.308Z] ℹ️ INFO: GET /api/stats
[2025-12-03T07:00:09.308Z] ℹ️ INFO: Stats retrieved
[2025-12-03T07:00:14.307Z] ℹ️ INFO: GET /api/stats
[2025-12-03T07:00:14.308Z] ℹ️ INFO: Stats retrieved
[2025-12-03T07:00:19.307Z] ℹ️ INFO: GET /api/stats
[2025-12-03T07:00:19.308Z] ℹ️ INFO: Stats retrieved
[2025-12-03T07:00:24.307Z] ℹ️ INFO: GET /api/stats
[2025-12-03T07:00:24.307Z] ℹ️ INFO: Stats retrieved
[2025-12-03T07:00:29.307Z] ℹ️ INFO: GET /api/stats
[2025-12-03T07:00:29.308Z] ℹ️ INFO: Stats retrieved
[2025-12-03T07:00:34.307Z] ℹ️ INFO: GET /api/stats
[2025-12-03T07:00:34.308Z] ℹ️ INFO: Stats retrieved
[2025-12-03T07:00:39.307Z] ℹ️ INFO: GET /api/stats
[2025-12-03T07:00:39.307Z] ℹ️ INFO: Stats retrieved
[2025-12-03T07:00:40.504Z] ℹ️ INFO: GET /api/stats
[2025-12-03T07:00:40.505Z] ℹ️ INFO: Stats retrieved
[2025-12-03T07:00:44.308Z] ℹ️ INFO: GET /api/stats
[2025-12-03T07:00:44.309Z] ℹ️ INFO: Stats retrieved
[2025-12-03T07:00:49.307Z] ℹ️ INFO: GET /api/stats
[2025-12-03T07:00:49.308Z] ℹ️ INFO: Stats retrieved
[2025-12-03T07:00:54.307Z] ℹ️ INFO: GET /api/stats
[2025-12-03T07:00:54.308Z] ℹ️ INFO: Stats retrieved
[2025-12-03T07:00:59.307Z] ℹ️ INFO: GET /api/stats
[2025-12-03T07:00:59.307Z] ℹ️ INFO: Stats retrieved
[2025-12-03T07:01:04.307Z] ℹ️ INFO: GET /api/stats
[2025-12-03T07:01:04.308Z] ℹ️ INFO: Stats retrieved
[2025-12-03T07:01:09.307Z] ℹ️ INFO: GET /api/stats
[2025-12-03T07:01:09.307Z] ℹ️ INFO: Stats retrieved
[2025-12-03T07:01:14.307Z] ℹ️ INFO: GET /api/stats
[2025-12-03T07:01:14.308Z] ℹ️ INFO: Stats retrieved
[2025-12-03T07:01:19.307Z] ℹ️ INFO: GET /api/stats
[2025-12-03T07:01:19.308Z] ℹ️ INFO: Stats retrieved
[2025-12-03T07:01:24.307Z] ℹ️ INFO: GET /api/stats
[2025-12-03T07:01:24.308Z] ℹ️ INFO: Stats retrieved
[2025-12-03T07:01:29.307Z] ℹ️ INFO: GET /api/stats
[2025-12-03T07:01:29.308Z] ℹ️ INFO: Stats retrieved
[2025-12-03T07:01:34.308Z] ℹ️ INFO: GET /api/stats
[2025-12-03T07:01:34.309Z] ℹ️ INFO: Stats retrieved
[2025-12-03T07:01:39.308Z] ℹ️ INFO: GET /api/stats
[2025-12-03T07:01:39.309Z] ℹ️ INFO: Stats retrieved
[2025-12-03T07:01:40.508Z] ℹ️ INFO: GET /api/stats
[2025-12-03T07:01:40.509Z] ℹ️ INFO: Stats retrieved
[2025-12-03T07:01:44.307Z] ℹ️ INFO: GET /api/stats
[2025-12-03T07:01:44.308Z] ℹ️ INFO: Stats retrieved
[2025-12-03T07:01:49.307Z] ℹ️ INFO: GET /api/stats
[2025-12-03T07:01:49.307Z] ℹ️ INFO: Stats retrieved
[2025-12-03T07:01:54.307Z] ℹ️ INFO: GET /api/stats
[2025-12-03T07:01:54.308Z] ℹ️ INFO: Stats retrieved
[2025-12-03T07:01:59.306Z] ℹ️ INFO: GET /api/stats
[2025-12-03T07:01:59.307Z] ℹ️ INFO: Stats retrieved
[2025-12-03T07:02:04.307Z] ℹ️ INFO: GET /api/stats
[2025-12-03T07:02:04.308Z] ℹ️ INFO: Stats retrieved
[2025-12-03T07:02:09.307Z] ℹ️ INFO: GET /api/stats
[2025-12-03T07:02:09.307Z] ℹ️ INFO: Stats retrieved
[2025-12-03T07:02:14.307Z] ℹ️ INFO: GET /api/stats
[2025-12-03T07:02:14.308Z] ℹ️ INFO: Stats retrieved
[2025-12-03T07:02:19.307Z] ℹ️ INFO: GET /api/stats
[2025-12-03T07:02:19.308Z] ℹ️ INFO: Stats retrieved
[2025-12-03T07:02:24.307Z] ℹ️ INFO: GET /api/stats
[2025-12-03T07:02:24.308Z] ℹ️ INFO: Stats retrieved
[2025-12-03T07:02:29.307Z] ℹ️ INFO: GET /api/stats
[2025-12-03T07:02:29.308Z] ℹ️ INFO: Stats retrieved
[2025-12-03T07:02:34.307Z] ℹ️ INFO: GET /api/stats
[2025-12-03T07:02:34.308Z] ℹ️ INFO: Stats retrieved
[2025-12-03T07:02:39.307Z] ℹ️ INFO: GET /api/stats
[2025-12-03T07:02:39.307Z] ℹ️ INFO: Stats retrieved
[2025-12-03T07:02:40.503Z] ℹ️ INFO: GET /api/stats
[2025-12-03T07:02:40.503Z] ℹ️ INFO: Stats retrieved
[2025-12-03T07:02:44.307Z] ℹ️ INFO: GET /api/stats
[2025-12-03T07:02:44.308Z] ℹ️ INFO: Stats retrieved
[2025-12-03T07:02:49.307Z] ℹ️ INFO: GET /api/stats
[2025-12-03T07:02:49.308Z] ℹ️ INFO: Stats retrieved
[2025-12-03T07:02:54.307Z] ℹ️ INFO: GET /api/stats
[2025-12-03T07:02:54.307Z] ℹ️ INFO: Stats retrieved
[2025-12-03T07:02:59.307Z] ℹ️ INFO: GET /api/stats
[2025-12-03T07:02:59.308Z] ℹ️ INFO: Stats retrieved
[2025-12-03T07:03:04.307Z] ℹ️ INFO: GET /api/stats
[2025-12-03T07:03:04.308Z] ℹ️ INFO: Stats retrieved
[2025-12-03T07:03:09.308Z] ℹ️ INFO: GET /api/stats
[2025-12-03T07:03:09.308Z] ℹ️ INFO: Stats retrieved
[2025-12-03T07:03:14.308Z] ℹ️ INFO: GET /api/stats
[2025-12-03T07:03:14.309Z] ℹ️ INFO: Stats retrieved
[2025-12-03T07:03:19.308Z] ℹ️ INFO: GET /api/stats
[2025-12-03T07:03:19.308Z] ℹ️ INFO: Stats retrieved
[2025-12-03T07:03:24.308Z] ℹ️ INFO: GET /api/stats
[2025-12-03T07:03:24.309Z] ℹ️ INFO: Stats retrieved
[2025-12-03T07:03:29.308Z] ℹ️ INFO: GET /api/stats
[2025-12-03T07:03:29.309Z] ℹ️ INFO: Stats retrieved
[2025-12-03T07:03:34.308Z] ℹ️ INFO: GET /api/stats
[2025-12-03T07:03:34.309Z] ℹ️ INFO: Stats retrieved
[2025-12-03T07:03:39.306Z] ℹ️ INFO: GET /api/stats
[2025-12-03T07:03:39.307Z] ℹ️ INFO: Stats retrieved
[2025-12-03T07:03:40.506Z] ℹ️ INFO: GET /api/stats
[2025-12-03T07:03:40.507Z] ℹ️ INFO: Stats retrieved
[2025-12-03T07:03:44.307Z] ℹ️ INFO: GET /api/stats
[2025-12-03T07:03:44.308Z] ℹ️ INFO: Stats retrieved
[2025-12-03T07:03:49.307Z] ℹ️ INFO: GET /api/stats
[2025-12-03T07:03:49.345Z] ℹ️ INFO: Stats retrieved
[2025-12-03T07:03:54.307Z] ℹ️ INFO: GET /api/stats
[2025-12-03T07:03:54.308Z] ℹ️ INFO: Stats retrieved
[2025-12-03T07:03:59.306Z] ℹ️ INFO: GET /api/stats
[2025-12-03T07:03:59.307Z] ℹ️ INFO: Stats retrieved
[2025-12-03T07:04:04.307Z] ℹ️ INFO: GET /api/stats
[2025-12-03T07:04:04.308Z] ℹ️ INFO: Stats retrieved
[2025-12-03T07:04:09.308Z] ℹ️ INFO: GET /api/stats
[2025-12-03T07:04:09.308Z] ℹ️ INFO: Stats retrieved
[2025-12-03T07:04:14.307Z] ℹ️ INFO: GET /api/stats
[2025-12-03T07:04:14.317Z] ℹ️ INFO: Stats retrieved
[2025-12-03T07:04:19.308Z] ℹ️ INFO: GET /api/stats
[2025-12-03T07:04:19.309Z] ℹ️ INFO: Stats retrieved
[2025-12-03T07:04:24.308Z] ℹ️ INFO: GET /api/stats
[2025-12-03T07:04:24.310Z] ℹ️ INFO: Stats retrieved
[2025-12-03T07:04:29.308Z] ℹ️ INFO: GET /api/stats
[2025-12-03T07:04:29.309Z] ℹ️ INFO: Stats retrieved
[2025-12-03T07:04:34.308Z] ℹ️ INFO: GET /api/stats
[2025-12-03T07:04:34.309Z] ℹ️ INFO: Stats retrieved
[2025-12-03T07:04:39.307Z] ℹ️ INFO: GET /api/stats
[2025-12-03T07:04:39.308Z] ℹ️ INFO: Stats retrieved
[2025-12-03T07:04:40.507Z] ℹ️ INFO: GET /api/stats
[2025-12-03T07:04:40.508Z] ℹ️ INFO: Stats retrieved
[2025-12-03T07:04:44.307Z] ℹ️ INFO: GET /api/stats
[2025-12-03T07:04:44.308Z] ℹ️ INFO: Stats retrieved
[2025-12-03T07:04:49.307Z] ℹ️ INFO: GET /api/stats
[2025-12-03T07:04:49.308Z] ℹ️ INFO: Stats retrieved
[2025-12-03T07:04:54.308Z] ℹ️ INFO: GET /api/stats
[2025-12-03T07:04:54.308Z] ℹ️ INFO: Stats retrieved
[2025-12-03T07:04:59.306Z] ℹ️ INFO: GET /api/stats
[2025-12-03T07:04:59.307Z] ℹ️ INFO: Stats retrieved
[2025-12-03T07:05:04.307Z] ℹ️ INFO: GET /api/stats
[2025-12-03T07:05:04.308Z] ℹ️ INFO: Stats retrieved
[2025-12-03T07:05:09.307Z] ℹ️ INFO: GET /api/stats
[2025-12-03T07:05:09.308Z] ℹ️ INFO: Stats retrieved
[2025-12-03T07:05:14.307Z] ℹ️ INFO: GET /api/stats
[2025-12-03T07:05:14.308Z] ℹ️ INFO: Stats retrieved
[2025-12-03T07:05:19.307Z] ℹ️ INFO: GET /api/stats
[2025-12-03T07:05:19.308Z] ℹ️ INFO: Stats retrieved
[2025-12-03T07:05:24.306Z] ℹ️ INFO: GET /api/stats
[2025-12-03T07:05:24.306Z] ℹ️ INFO: Stats retrieved
[2025-12-03T07:05:29.308Z] ℹ️ INFO: GET /api/stats
[2025-12-03T07:05:29.308Z] ℹ️ INFO: Stats retrieved
[2025-12-03T07:05:34.307Z] ℹ️ INFO: GET /api/stats
[2025-12-03T07:05:34.308Z] ℹ️ INFO: Stats retrieved
[2025-12-03T07:05:39.307Z] ℹ️ INFO: GET /api/stats
[2025-12-03T07:05:39.308Z] ℹ️ INFO: Stats retrieved
[2025-12-03T07:05:40.503Z] ℹ️ INFO: GET /api/stats
[2025-12-03T07:05:40.503Z] ℹ️ INFO: Stats retrieved
[2025-12-03T07:05:44.308Z] ℹ️ INFO: GET /api/stats
[2025-12-03T07:05:44.308Z] ℹ️ INFO: Stats retrieved
[2025-12-03T07:05:49.307Z] ℹ️ INFO: GET /api/stats
[2025-12-03T07:05:49.308Z] ℹ️ INFO: Stats retrieved
[2025-12-03T07:05:54.308Z] ℹ️ INFO: GET /api/stats
[2025-12-03T07:05:54.309Z] ℹ️ INFO: Stats retrieved
[2025-12-03T07:05:59.307Z] ℹ️ INFO: GET /api/stats
[2025-12-03T07:05:59.308Z] ℹ️ INFO: Stats retrieved
[2025-12-03T07:06:04.307Z] ℹ️ INFO: GET /api/stats
[2025-12-03T07:06:04.308Z] ℹ️ INFO: Stats retrieved
[2025-12-03T07:06:09.307Z] ℹ️ INFO: GET /api/stats
[2025-12-03T07:06:09.308Z] ℹ️ INFO: Stats retrieved
[2025-12-03T07:06:14.307Z] ℹ️ INFO: GET /api/stats
[2025-12-03T07:06:14.308Z] ℹ️ INFO: Stats retrieved
[2025-12-03T07:06:19.308Z] ℹ️ INFO: GET /api/stats
[2025-12-03T07:06:19.308Z] ℹ️ INFO: Stats retrieved
[2025-12-03T07:06:24.306Z] ℹ️ INFO: GET /api/stats
[2025-12-03T07:06:24.306Z] ℹ️ INFO: Stats retrieved
[2025-12-03T07:06:29.307Z] ℹ️ INFO: GET /api/stats
[2025-12-03T07:06:29.308Z] ℹ️ INFO: Stats retrieved
[2025-12-03T07:06:34.307Z] ℹ️ INFO: GET /api/stats
[2025-12-03T07:06:34.308Z] ℹ️ INFO: Stats retrieved
[2025-12-03T07:06:39.307Z] ℹ️ INFO: GET /api/stats
[2025-12-03T07:06:39.307Z] ℹ️ INFO: Stats retrieved
[2025-12-03T07:06:40.506Z] ℹ️ INFO: GET /api/stats
[2025-12-03T07:06:40.507Z] ℹ️ INFO: Stats retrieved
[2025-12-03T07:06:44.308Z] ℹ️ INFO: GET /api/stats
[2025-12-03T07:06:44.308Z] ℹ️ INFO: Stats retrieved
[2025-12-03T07:06:49.307Z] ℹ️ INFO: GET /api/stats
[2025-12-03T07:06:49.308Z] ℹ️ INFO: Stats retrieved
[2025-12-03T07:06:54.307Z] ℹ️ INFO: GET /api/stats
[2025-12-03T07:06:54.308Z] ℹ️ INFO: Stats retrieved
[2025-12-03T07:06:59.307Z] ℹ️ INFO: GET /api/stats
[2025-12-03T07:06:59.308Z] ℹ️ INFO: Stats retrieved
[2025-12-03T07:07:04.308Z] ℹ️ INFO: GET /api/stats
[2025-12-03T07:07:04.308Z] ℹ️ INFO: Stats retrieved
[2025-12-03T07:07:09.308Z] ℹ️ INFO: GET /api/stats
[2025-12-03T07:07:09.308Z] ℹ️ INFO: Stats retrieved
[2025-12-03T07:07:14.308Z] ℹ️ INFO: GET /api/stats
[2025-12-03T07:07:14.308Z] ℹ️ INFO: Stats retrieved
[2025-12-03T07:07:19.308Z] ℹ️ INFO: GET /api/stats
[2025-12-03T07:07:19.309Z] ℹ️ INFO: Stats retrieved
[2025-12-03T07:07:24.307Z] ℹ️ INFO: GET /api/stats
[2025-12-03T07:07:24.308Z] ℹ️ INFO: Stats retrieved
[2025-12-03T07:07:29.307Z] ℹ️ INFO: GET /api/stats
[2025-12-03T07:07:29.308Z] ℹ️ INFO: Stats retrieved
[2025-12-03T07:07:34.307Z] ℹ️ INFO: GET /api/stats
[2025-12-03T07:07:34.308Z] ℹ️ INFO: Stats retrieved
[2025-12-03T07:07:39.307Z] ℹ️ INFO: GET /api/stats
[2025-12-03T07:07:39.307Z] ℹ️ INFO: Stats retrieved
[2025-12-03T07:07:40.504Z] ℹ️ INFO: GET /api/stats
[2025-12-03T07:07:40.504Z] ℹ️ INFO: Stats retrieved
[2025-12-03T07:07:44.307Z] ℹ️ INFO: GET /api/stats
[2025-12-03T07:07:44.308Z] ℹ️ INFO: Stats retrieved
[2025-12-03T07:07:49.306Z] ℹ️ INFO: GET /api/stats
[2025-12-03T07:07:49.307Z] ℹ️ INFO: Stats retrieved
[2025-12-03T07:07:54.306Z] ℹ️ INFO: GET /api/stats
[2025-12-03T07:07:54.307Z] ℹ️ INFO: Stats retrieved
[2025-12-03T07:07:59.307Z] ℹ️ INFO: GET /api/stats
[2025-12-03T07:07:59.308Z] ℹ️ INFO: Stats retrieved
[2025-12-03T07:08:04.307Z] ℹ️ INFO: GET /api/stats
[2025-12-03T07:08:04.307Z] ℹ️ INFO: Stats retrieved
[2025-12-03T07:08:09.308Z] ℹ️ INFO: GET /api/stats
[2025-12-03T07:08:09.308Z] ℹ️ INFO: Stats retrieved
[2025-12-03T07:08:14.307Z] ℹ️ INFO: GET /api/stats
[2025-12-03T07:08:14.308Z] ℹ️ INFO: Stats retrieved
[2025-12-03T07:08:19.307Z] ℹ️ INFO: GET /api/stats
[2025-12-03T07:08:19.308Z] ℹ️ INFO: Stats retrieved
[2025-12-03T07:08:24.307Z] ℹ️ INFO: GET /api/stats
[2025-12-03T07:08:24.307Z] ℹ️ INFO: Stats retrieved
[2025-12-03T07:08:29.308Z] ℹ️ INFO: GET /api/stats
[2025-12-03T07:08:29.308Z] ℹ️ INFO: Stats retrieved
[2025-12-03T07:08:34.306Z] ℹ️ INFO: GET /api/stats
[2025-12-03T07:08:34.307Z] ℹ️ INFO: Stats retrieved
[2025-12-03T07:08:39.307Z] ℹ️ INFO: GET /api/stats
[2025-12-03T07:08:39.307Z] ℹ️ INFO: Stats retrieved
[2025-12-03T07:08:40.505Z] ℹ️ INFO: GET /api/stats
[2025-12-03T07:08:40.506Z] ℹ️ INFO: Stats retrieved
[2025-12-03T07:08:44.307Z] ℹ️ INFO: GET /api/stats
[2025-12-03T07:08:44.308Z] ℹ️ INFO: Stats retrieved
[2025-12-03T07:08:49.308Z] ℹ️ INFO: GET /api/stats
[2025-12-03T07:08:49.309Z] ℹ️ INFO: Stats retrieved
[2025-12-03T07:08:54.306Z] ℹ️ INFO: GET /api/stats
[2025-12-03T07:08:54.307Z] ℹ️ INFO: Stats retrieved
[2025-12-03T07:08:59.308Z] ℹ️ INFO: GET /api/stats
[2025-12-03T07:08:59.309Z] ℹ️ INFO: Stats retrieved
[2025-12-03T07:09:04.307Z] ℹ️ INFO: GET /api/stats
[2025-12-03T07:09:04.308Z] ℹ️ INFO: Stats retrieved
[2025-12-03T07:09:09.307Z] ℹ️ INFO: GET /api/stats
[2025-12-03T07:09:09.308Z] ℹ️ INFO: Stats retrieved
[2025-12-03T07:09:14.308Z] ℹ️ INFO: GET /api/stats
[2025-12-03T07:09:14.308Z] ℹ️ INFO: Stats retrieved
[2025-12-03T07:09:19.308Z] ℹ️ INFO: GET /api/stats
[2025-12-03T07:09:19.308Z] ℹ️ INFO: Stats retrieved
[2025-12-03T07:09:24.307Z] ℹ️ INFO: GET /api/stats
[2025-12-03T07:09:24.308Z] ℹ️ INFO: Stats retrieved
[2025-12-03T07:09:29.308Z] ℹ️ INFO: GET /api/stats
[2025-12-03T07:09:29.308Z] ℹ️ INFO: Stats retrieved
[2025-12-03T07:09:34.308Z] ℹ️ INFO: GET /api/stats
[2025-12-03T07:09:34.308Z] ℹ️ INFO: Stats retrieved
[2025-12-03T07:09:39.307Z] ℹ️ INFO: GET /api/stats
[2025-12-03T07:09:39.307Z] ℹ️ INFO: Stats retrieved
[2025-12-03T07:09:40.506Z] ℹ️ INFO: GET /api/stats
[2025-12-03T07:09:40.507Z] ℹ️ INFO: Stats retrieved
[2025-12-03T07:09:44.307Z] ℹ️ INFO: GET /api/stats
[2025-12-03T07:09:44.308Z] ℹ️ INFO: Stats retrieved
[2025-12-03T07:09:49.306Z] ℹ️ INFO: GET /api/stats
[2025-12-03T07:09:49.307Z] ℹ️ INFO: Stats retrieved
[2025-12-03T07:09:54.307Z] ℹ️ INFO: GET /api/stats
[2025-12-03T07:09:54.308Z] ℹ️ INFO: Stats retrieved
[2025-12-03T07:09:59.307Z] ℹ️ INFO: GET /api/stats
[2025-12-03T07:09:59.308Z] ℹ️ INFO: Stats retrieved
[2025-12-03T07:10:04.307Z] ℹ️ INFO: GET /api/stats
[2025-12-03T07:10:04.308Z] ℹ️ INFO: Stats retrieved
[2025-12-03T07:10:09.307Z] ℹ️ INFO: GET /api/stats
[2025-12-03T07:10:09.308Z] ℹ️ INFO: Stats retrieved
[2025-12-03T07:10:14.307Z] ℹ️ INFO: GET /api/stats
[2025-12-03T07:10:14.308Z] ℹ️ INFO: Stats retrieved
[2025-12-03T07:10:19.307Z] ℹ️ INFO: GET /api/stats
[2025-12-03T07:10:19.308Z] ℹ️ INFO: Stats retrieved
[2025-12-03T07:10:24.307Z] ℹ️ INFO: GET /api/stats
[2025-12-03T07:10:24.308Z] ℹ️ INFO: Stats retrieved
[2025-12-03T07:10:29.306Z] ℹ️ INFO: GET /api/stats
[2025-12-03T07:10:29.307Z] ℹ️ INFO: Stats retrieved
[2025-12-03T07:10:34.307Z] ℹ️ INFO: GET /api/stats
[2025-12-03T07:10:34.307Z] ℹ️ INFO: Stats retrieved
[2025-12-03T07:10:39.307Z] ℹ️ INFO: GET /api/stats
[2025-12-03T07:10:39.307Z] ℹ️ INFO: Stats retrieved
[2025-12-03T07:10:40.512Z] ℹ️ INFO: GET /api/stats
[2025-12-03T07:10:40.513Z] ℹ️ INFO: Stats retrieved
[2025-12-03T07:10:44.307Z] ℹ️ INFO: GET /api/stats
[2025-12-03T07:10:44.308Z] ℹ️ INFO: Stats retrieved
[2025-12-03T07:10:49.307Z] ℹ️ INFO: GET /api/stats
[2025-12-03T07:10:49.308Z] ℹ️ INFO: Stats retrieved
[2025-12-03T07:10:54.306Z] ℹ️ INFO: GET /api/stats
[2025-12-03T07:10:54.307Z] ℹ️ INFO: Stats retrieved
[2025-12-03T07:10:59.307Z] ℹ️ INFO: GET /api/stats
[2025-12-03T07:10:59.308Z] ℹ️ INFO: Stats retrieved
[2025-12-03T07:11:04.307Z] ℹ️ INFO: GET /api/stats
[2025-12-03T07:11:04.308Z] ℹ️ INFO: Stats retrieved
[2025-12-03T07:11:09.307Z] ℹ️ INFO: GET /api/stats
[2025-12-03T07:11:09.308Z] ℹ️ INFO: Stats retrieved
[2025-12-03T07:11:14.307Z] ℹ️ INFO: GET /api/stats
[2025-12-03T07:11:14.308Z] ℹ️ INFO: Stats retrieved
[2025-12-03T07:11:19.307Z] ℹ️ INFO: GET /api/stats
[2025-12-03T07:11:19.308Z] ℹ️ INFO: Stats retrieved
[2025-12-03T07:11:24.308Z] ℹ️ INFO: GET /api/stats
[2025-12-03T07:11:24.309Z] ℹ️ INFO: Stats retrieved
[2025-12-03T07:11:29.307Z] ℹ️ INFO: GET /api/stats
[2025-12-03T07:11:29.308Z] ℹ️ INFO: Stats retrieved
[2025-12-03T07:11:34.308Z] ℹ️ INFO: GET /api/stats
[2025-12-03T07:11:34.309Z] ℹ️ INFO: Stats retrieved
[2025-12-03T07:11:39.307Z] ℹ️ INFO: GET /api/stats
[2025-12-03T07:11:39.307Z] ℹ️ INFO: Stats retrieved
[2025-12-03T07:11:40.508Z] ℹ️ INFO: GET /api/stats
[2025-12-03T07:11:40.509Z] ℹ️ INFO: Stats retrieved
[2025-12-03T07:11:44.307Z] ℹ️ INFO: GET /api/stats
[2025-12-03T07:11:44.308Z] ℹ️ INFO: Stats retrieved
[2025-12-03T07:11:49.306Z] ℹ️ INFO: GET /api/stats
[2025-12-03T07:11:49.307Z] ℹ️ INFO: Stats retrieved
[2025-12-03T07:11:54.307Z] ℹ️ INFO: GET /api/stats
[2025-12-03T07:11:54.307Z] ℹ️ INFO: Stats retrieved
[2025-12-03T07:11:59.307Z] ℹ️ INFO: GET /api/stats
[2025-12-03T07:11:59.307Z] ℹ️ INFO: Stats retrieved
[2025-12-03T07:12:04.306Z] ℹ️ INFO: GET /api/stats
[2025-12-03T07:12:04.307Z] ℹ️ INFO: Stats retrieved
[2025-12-03T07:12:09.306Z] ℹ️ INFO: GET /api/stats
[2025-12-03T07:12:09.307Z] ℹ️ INFO: Stats retrieved
[2025-12-03T07:12:14.308Z] ℹ️ INFO: GET /api/stats
[2025-12-03T07:12:14.309Z] ℹ️ INFO: Stats retrieved
[2025-12-03T07:12:19.307Z] ℹ️ INFO: GET /api/stats
[2025-12-03T07:12:19.308Z] ℹ️ INFO: Stats retrieved
[2025-12-03T07:12:24.308Z] ℹ️ INFO: GET /api/stats
[2025-12-03T07:12:24.308Z] ℹ️ INFO: Stats retrieved
[2025-12-03T07:12:29.308Z] ℹ️ INFO: GET /api/stats
[2025-12-03T07:12:29.309Z] ℹ️ INFO: Stats retrieved
